{
  "stats": {
    "suites": 1,
    "tests": 3,
    "passes": 3,
    "pending": 0,
    "failures": 0,
    "start": "2025-04-19T15:43:02.588Z",
    "end": "2025-04-19T15:43:03.423Z",
    "duration": 835,
    "testsRegistered": 3,
    "passPercent": 100,
    "pendingPercent": 0,
    "other": 0,
    "hasOther": false,
    "skipped": 0,
    "hasSkipped": false
  },
  "results": [
    {
      "uuid": "dcb5051e-cd7b-4eb3-850a-b9bba46469d1",
      "title": "",
      "fullFile": "cypress/e2e/api copy/category.spec.cy.js",
      "file": "cypress/e2e/api copy/category.spec.cy.js",
      "beforeHooks": [],
      "afterHooks": [],
      "tests": [],
      "suites": [
        {
          "uuid": "a8eaf715-a2a0-444f-84f9-022fb4f0843e",
          "title": "API Tests - Categorias",
          "fullFile": "",
          "file": "",
          "beforeHooks": [],
          "afterHooks": [],
          "tests": [
            {
              "title": "Deve adicionar uma categoria com sucesso",
              "fullTitle": "API Tests - Categorias Deve adicionar uma categoria com sucesso",
              "timedOut": null,
              "duration": 277,
              "state": "passed",
              "speed": "fast",
              "pass": true,
              "fail": false,
              "pending": false,
              "context": null,
              "code": "cy.request({\n  method: 'POST',\n  url: '/api/addCategory',\n  headers: {\n    'Authorization': `Bearer ${token}`\n  },\n  body: {\n    authorization: `Bearer ${token}`,\n    name: 'Categoria Teste',\n    photo: 'https://samsungbrshop.vtexassets.com/arquivos/ids/230984-600-auto?v=638465404494130000&width=600&height=auto&aspect=true'\n  }\n}).then(response => {\n  console.log('Resposta da requisição de adicionar categoria:', response);\n  expect(response.status).to.eq(200);\n  console.log('Resposta:', response.body);\n});",
              "err": {},
              "uuid": "12f252d6-7608-495d-a157-a08388ee84cc",
              "parentUUID": "a8eaf715-a2a0-444f-84f9-022fb4f0843e",
              "isHook": false,
              "skipped": false
            },
            {
              "title": "Deve editar uma categoria com sucesso",
              "fullTitle": "API Tests - Categorias Deve editar uma categoria com sucesso",
              "timedOut": null,
              "duration": 258,
              "state": "passed",
              "speed": "fast",
              "pass": true,
              "fail": false,
              "pending": false,
              "context": null,
              "code": "const categoryId = 1; // ID da categoria \ncy.request({\n  method: 'PUT',\n  url: `/api/editCategory/${categoryId}`,\n  headers: {\n    'Authorization': `Bearer ${token}`\n  },\n  body: {\n    authorization: `Bearer ${token}`,\n    name: 'Categoria Teste Editada',\n    photo: 'https://samsungbrshop.vtexassets.com/arquivos/ids/230984-600-auto?v=638465404494130000&width=600&height=auto&aspect=true'\n  }\n}).then(response => {\n  console.log('Resposta da requisição de editar categoria:', response);\n  expect(response.status).to.eq(200);\n  console.log('Resposta:', response.body);\n});",
              "err": {},
              "uuid": "76ecc247-db32-4272-a4b9-20b8b834407d",
              "parentUUID": "a8eaf715-a2a0-444f-84f9-022fb4f0843e",
              "isHook": false,
              "skipped": false
            },
            {
              "title": "Deve deletar uma categoria com sucesso",
              "fullTitle": "API Tests - Categorias Deve deletar uma categoria com sucesso",
              "timedOut": null,
              "duration": 257,
              "state": "passed",
              "speed": "fast",
              "pass": true,
              "fail": false,
              "pending": false,
              "context": null,
              "code": "const categoryId = 1; // ID da categoria \ncy.request({\n  method: 'DELETE',\n  url: `/api/deleteCategory/${categoryId}`,\n  headers: {\n    'Authorization': `Bearer ${token}`\n  },\n  body: {\n    authorization: `Bearer ${token}`\n  }\n}).then(response => {\n  console.log('Resposta da requisição de deletar categoria:', response);\n  expect(response.status).to.eq(200);\n  console.log('Resposta:', response.body);\n});",
              "err": {},
              "uuid": "f587effd-ed0a-4af0-bb7e-a9e805d7c075",
              "parentUUID": "a8eaf715-a2a0-444f-84f9-022fb4f0843e",
              "isHook": false,
              "skipped": false
            }
          ],
          "suites": [],
          "passes": [
            "12f252d6-7608-495d-a157-a08388ee84cc",
            "76ecc247-db32-4272-a4b9-20b8b834407d",
            "f587effd-ed0a-4af0-bb7e-a9e805d7c075"
          ],
          "failures": [],
          "pending": [],
          "skipped": [],
          "duration": 792,
          "root": false,
          "rootEmpty": false,
          "_timeout": 2000
        }
      ],
      "passes": [],
      "failures": [],
      "pending": [],
      "skipped": [],
      "duration": 0,
      "root": true,
      "rootEmpty": true,
      "_timeout": 2000
    }
  ],
  "meta": {
    "mocha": {
      "version": "7.2.0"
    },
    "mochawesome": {
      "options": {
        "quiet": false,
        "reportFilename": "mochawesome",
        "saveHtml": false,
        "saveJson": true,
        "consoleReporter": "spec",
        "useInlineDiffs": false,
        "code": true
      },
      "version": "7.1.3"
    },
    "marge": {
      "options": {
        "reportDir": "cypress/results",
        "reportFilename": "mochawesome",
        "overwrite": false,
        "html": false,
        "json": true
      },
      "version": "6.2.0"
    }
  }
}