{
  "stats": {
    "suites": 1,
    "tests": 3,
    "passes": 3,
    "pending": 0,
    "failures": 0,
    "start": "2025-07-22T00:25:44.701Z",
    "end": "2025-07-22T00:25:46.672Z",
    "duration": 1971,
    "testsRegistered": 3,
    "passPercent": 100,
    "pendingPercent": 0,
    "other": 0,
    "hasOther": false,
    "skipped": 0,
    "hasSkipped": false
  },
  "results": [
    {
      "uuid": "6b70b09f-eda2-4337-8f69-de1a7f6e0fa4",
      "title": "",
      "fullFile": "cypress/e2e/api/categorias.spec.cy.js",
      "file": "cypress/e2e/api/categorias.spec.cy.js",
      "beforeHooks": [],
      "afterHooks": [],
      "tests": [],
      "suites": [
        {
          "uuid": "e123a179-693e-40e5-8b4d-8562cc6cc302",
          "title": "API Tests - Categorias",
          "fullFile": "",
          "file": "",
          "beforeHooks": [],
          "afterHooks": [],
          "tests": [
            {
              "title": "Deve adicionar uma categoria com sucesso",
              "fullTitle": "API Tests - Categorias Deve adicionar uma categoria com sucesso",
              "timedOut": null,
              "duration": 1199,
              "state": "passed",
              "speed": "fast",
              "pass": true,
              "fail": false,
              "pending": false,
              "context": null,
              "code": "cy.request({\n  method: 'POST',\n  url: 'api/addCategory',\n  headers: {\n    'Authorization': `Bearer ${token}`\n  },\n  body: {\n    'authorization': `Bearer ${token}`,\n    'name': 'Categoria Teste',\n    'photo': 'https://samsungbrshop.vtexassets.com/arquivos/ids/230984-600-auto?v=638465404494130000&width=600&height=auto&aspect=true'\n  }\n}).then(response => {\n  console.log('Resposta da requisição de adicionar categoria:', response);\n  expect(response.status).to.eq(200);\n});",
              "err": {},
              "uuid": "e6406047-d7dc-435c-9f1c-ff5ec67f43e6",
              "parentUUID": "e123a179-693e-40e5-8b4d-8562cc6cc302",
              "isHook": false,
              "skipped": false
            },
            {
              "title": "Deve editar uma categoria com sucesso",
              "fullTitle": "API Tests - Categorias Deve editar uma categoria com sucesso",
              "timedOut": null,
              "duration": 366,
              "state": "passed",
              "speed": "fast",
              "pass": true,
              "fail": false,
              "pending": false,
              "context": null,
              "code": "const categoryId = 1; // ID da categoria \ncy.request({\n  method: 'PUT',\n  url: `/api/editCategory/${categoryId}`,\n  headers: {\n    'Authorization': `Bearer ${token}`\n  },\n  body: {\n    'authorization': `Bearer ${token}`,\n    'name': 'Categoria Teste Editada',\n    'photo': 'https://samsungbrshop.vtexassets.com/arquivos/ids/230984-600-auto?v=638465404494130000&width=600&height=auto&aspect=true' // Nova URL da foto da categoria\n  }\n}).then(response => {\n  console.log('Resposta da requisição de editar categoria:', response);\n  expect(response.status).to.eq(200);\n});",
              "err": {},
              "uuid": "7261fd4a-53f5-4b51-b642-d40dd2a84b01",
              "parentUUID": "e123a179-693e-40e5-8b4d-8562cc6cc302",
              "isHook": false,
              "skipped": false
            },
            {
              "title": "Deve deletar uma categoria com sucesso",
              "fullTitle": "API Tests - Categorias Deve deletar uma categoria com sucesso",
              "timedOut": null,
              "duration": 363,
              "state": "passed",
              "speed": "fast",
              "pass": true,
              "fail": false,
              "pending": false,
              "context": null,
              "code": "const categoryId = 1; // ID da categoria \ncy.request({\n  method: 'DELETE',\n  url: `/api/deleteCategory/${categoryId}`,\n  headers: {\n    'Authorization': `Bearer ${token}`\n  },\n  body: {\n    'authorization': `Bearer ${token}`\n  }\n}).then(response => {\n  console.log('Resposta da requisição de deletar categoria:', response);\n  expect(response.status).to.eq(200);\n});",
              "err": {},
              "uuid": "4a7d7927-70dd-481d-b09e-6ba3c49bc6c6",
              "parentUUID": "e123a179-693e-40e5-8b4d-8562cc6cc302",
              "isHook": false,
              "skipped": false
            }
          ],
          "suites": [],
          "passes": [
            "e6406047-d7dc-435c-9f1c-ff5ec67f43e6",
            "7261fd4a-53f5-4b51-b642-d40dd2a84b01",
            "4a7d7927-70dd-481d-b09e-6ba3c49bc6c6"
          ],
          "failures": [],
          "pending": [],
          "skipped": [],
          "duration": 1928,
          "root": false,
          "rootEmpty": false,
          "_timeout": 2000
        }
      ],
      "passes": [],
      "failures": [],
      "pending": [],
      "skipped": [],
      "duration": 0,
      "root": true,
      "rootEmpty": true,
      "_timeout": 2000
    }
  ],
  "meta": {
    "mocha": {
      "version": "7.2.0"
    },
    "mochawesome": {
      "options": {
        "quiet": false,
        "reportFilename": "mochawesome",
        "saveHtml": false,
        "saveJson": true,
        "consoleReporter": "spec",
        "useInlineDiffs": false,
        "code": true
      },
      "version": "7.1.3"
    },
    "marge": {
      "options": {
        "reportDir": "cypress/results",
        "reportFilename": "mochawesome",
        "overwrite": false,
        "html": false,
        "json": true
      },
      "version": "6.2.0"
    }
  }
}