{
  "stats": {
    "suites": 1,
    "tests": 3,
    "passes": 3,
    "pending": 0,
    "failures": 0,
    "start": "2025-07-22T00:25:52.640Z",
    "end": "2025-07-22T00:25:53.812Z",
    "duration": 1172,
    "testsRegistered": 3,
    "passPercent": 100,
    "pendingPercent": 0,
    "other": 0,
    "hasOther": false,
    "skipped": 0,
    "hasSkipped": false
  },
  "results": [
    {
      "uuid": "7b247031-13d0-4caf-8933-8f9d763fd915",
      "title": "",
      "fullFile": "cypress/e2e/api copy/products.spec.cy.js",
      "file": "cypress/e2e/api copy/products.spec.cy.js",
      "beforeHooks": [],
      "afterHooks": [],
      "tests": [],
      "suites": [
        {
          "uuid": "ca63ce69-1ac5-49e6-bfbf-45ad7e539ca9",
          "title": "API Tests - Produtos",
          "fullFile": "",
          "file": "",
          "beforeHooks": [],
          "afterHooks": [],
          "tests": [
            {
              "title": "Deve adicionar o produto com sucesso",
              "fullTitle": "API Tests - Produtos Deve adicionar o produto com sucesso",
              "timedOut": null,
              "duration": 400,
              "state": "passed",
              "speed": "fast",
              "pass": true,
              "fail": false,
              "pending": false,
              "context": null,
              "code": "cy.request({\n  method: 'POST',\n  url: '/api/addProduct',\n  headers: {\n    'Authorization': `Bearer ${token}`\n  },\n  body: _productData.default\n}).then(response => {\n  expect(response.status).to.eq(200);\n});",
              "err": {},
              "uuid": "13e3ace3-ce50-4eb3-ae71-10d078e7690a",
              "parentUUID": "ca63ce69-1ac5-49e6-bfbf-45ad7e539ca9",
              "isHook": false,
              "skipped": false
            },
            {
              "title": "Deve editar um produto com sucesso",
              "fullTitle": "API Tests - Produtos Deve editar um produto com sucesso",
              "timedOut": null,
              "duration": 365,
              "state": "passed",
              "speed": "fast",
              "pass": true,
              "fail": false,
              "pending": false,
              "context": null,
              "code": "const productId = 1; // ID do produto a ser editado\ncy.request({\n  method: 'PUT',\n  url: `/api/editProduct/${productId}`,\n  headers: {\n    'Authorization': `Bearer ${token}`\n  },\n  body: _productData.default\n}).then(response => {\n  expect(response.status).to.eq(200);\n});",
              "err": {},
              "uuid": "8cfe91d3-8e27-4096-8e67-880cd1adc6eb",
              "parentUUID": "ca63ce69-1ac5-49e6-bfbf-45ad7e539ca9",
              "isHook": false,
              "skipped": false
            },
            {
              "title": "Deve deletar o produto com sucesso",
              "fullTitle": "API Tests - Produtos Deve deletar o produto com sucesso",
              "timedOut": null,
              "duration": 365,
              "state": "passed",
              "speed": "fast",
              "pass": true,
              "fail": false,
              "pending": false,
              "context": null,
              "code": "const productId = 1; // ID do produto\ncy.request({\n  method: 'DELETE',\n  url: `/api/deleteProduct/${productId}`,\n  headers: {\n    'Authorization': `Bearer ${token}`\n  },\n  body: {\n    \"authorization\": token\n  }\n}).then(response => {\n  expect(response.status).to.eq(200);\n});",
              "err": {},
              "uuid": "ccca6bdf-0bb8-46a2-b774-8d08cd8921a8",
              "parentUUID": "ca63ce69-1ac5-49e6-bfbf-45ad7e539ca9",
              "isHook": false,
              "skipped": false
            }
          ],
          "suites": [],
          "passes": [
            "13e3ace3-ce50-4eb3-ae71-10d078e7690a",
            "8cfe91d3-8e27-4096-8e67-880cd1adc6eb",
            "ccca6bdf-0bb8-46a2-b774-8d08cd8921a8"
          ],
          "failures": [],
          "pending": [],
          "skipped": [],
          "duration": 1130,
          "root": false,
          "rootEmpty": false,
          "_timeout": 2000
        }
      ],
      "passes": [],
      "failures": [],
      "pending": [],
      "skipped": [],
      "duration": 0,
      "root": true,
      "rootEmpty": true,
      "_timeout": 2000
    }
  ],
  "meta": {
    "mocha": {
      "version": "7.2.0"
    },
    "mochawesome": {
      "options": {
        "quiet": false,
        "reportFilename": "mochawesome",
        "saveHtml": false,
        "saveJson": true,
        "consoleReporter": "spec",
        "useInlineDiffs": false,
        "code": true
      },
      "version": "7.1.3"
    },
    "marge": {
      "options": {
        "reportDir": "cypress/results",
        "reportFilename": "mochawesome",
        "overwrite": false,
        "html": false,
        "json": true
      },
      "version": "6.2.0"
    }
  }
}