{
  "stats": {
    "suites": 1,
    "tests": 3,
    "passes": 3,
    "pending": 0,
    "failures": 0,
    "start": "2025-04-18T21:30:22.927Z",
    "end": "2025-04-18T21:30:23.260Z",
    "duration": 333,
    "testsRegistered": 3,
    "passPercent": 100,
    "pendingPercent": 0,
    "other": 0,
    "hasOther": false,
    "skipped": 0,
    "hasSkipped": false
  },
  "results": [
    {
      "uuid": "d4e55612-a067-4166-aabc-28ccd27b7292",
      "title": "",
      "fullFile": "cypress\\e2e\\api\\categorias.spec.cy.js",
      "file": "cypress\\e2e\\api\\categorias.spec.cy.js",
      "beforeHooks": [],
      "afterHooks": [],
      "tests": [],
      "suites": [
        {
          "uuid": "4f2254d7-2433-4ee1-a68e-910833b365f7",
          "title": "API Tests - Categorias",
          "fullFile": "",
          "file": "",
          "beforeHooks": [],
          "afterHooks": [],
          "tests": [
            {
              "title": "Deve adicionar uma categoria com sucesso",
              "fullTitle": "API Tests - Categorias Deve adicionar uma categoria com sucesso",
              "timedOut": null,
              "duration": 134,
              "state": "passed",
              "speed": "fast",
              "pass": true,
              "fail": false,
              "pending": false,
              "context": null,
              "code": "cy.request({\n  method: 'POST',\n  url: 'api/addCategory',\n  headers: {\n    'Authorization': `Bearer ${token}`\n  },\n  body: {\n    'authorization': `Bearer ${token}`,\n    'name': 'Categoria Teste',\n    'photo': 'https://samsungbrshop.vtexassets.com/arquivos/ids/230984-600-auto?v=638465404494130000&width=600&height=auto&aspect=true'\n  }\n}).then(response => {\n  console.log('Resposta da requisição de adicionar categoria:', response);\n  expect(response.status).to.eq(200);\n});",
              "err": {},
              "uuid": "843c19c9-9edf-4546-bb55-f1417978f37f",
              "parentUUID": "4f2254d7-2433-4ee1-a68e-910833b365f7",
              "isHook": false,
              "skipped": false
            },
            {
              "title": "Deve editar uma categoria com sucesso",
              "fullTitle": "API Tests - Categorias Deve editar uma categoria com sucesso",
              "timedOut": null,
              "duration": 75,
              "state": "passed",
              "speed": "fast",
              "pass": true,
              "fail": false,
              "pending": false,
              "context": null,
              "code": "const categoryId = 1; // ID da categoria \ncy.request({\n  method: 'PUT',\n  url: `/api/editCategory/${categoryId}`,\n  headers: {\n    'Authorization': `Bearer ${token}`\n  },\n  body: {\n    'authorization': `Bearer ${token}`,\n    'name': 'Categoria Teste Editada',\n    'photo': 'https://samsungbrshop.vtexassets.com/arquivos/ids/230984-600-auto?v=638465404494130000&width=600&height=auto&aspect=true' // Nova URL da foto da categoria\n  }\n}).then(response => {\n  console.log('Resposta da requisição de editar categoria:', response);\n  expect(response.status).to.eq(200);\n});",
              "err": {},
              "uuid": "53281622-c66e-41c7-9157-328fb36f72fe",
              "parentUUID": "4f2254d7-2433-4ee1-a68e-910833b365f7",
              "isHook": false,
              "skipped": false
            },
            {
              "title": "Deve deletar uma categoria com sucesso",
              "fullTitle": "API Tests - Categorias Deve deletar uma categoria com sucesso",
              "timedOut": null,
              "duration": 75,
              "state": "passed",
              "speed": "fast",
              "pass": true,
              "fail": false,
              "pending": false,
              "context": null,
              "code": "const categoryId = 1; // ID da categoria \ncy.request({\n  method: 'DELETE',\n  url: `/api/deleteCategory/${categoryId}`,\n  headers: {\n    'Authorization': `Bearer ${token}`\n  },\n  body: {\n    'authorization': `Bearer ${token}`\n  }\n}).then(response => {\n  console.log('Resposta da requisição de deletar categoria:', response);\n  expect(response.status).to.eq(200);\n});",
              "err": {},
              "uuid": "2fb01c02-1df5-4289-bcc6-8d56734f0760",
              "parentUUID": "4f2254d7-2433-4ee1-a68e-910833b365f7",
              "isHook": false,
              "skipped": false
            }
          ],
          "suites": [],
          "passes": [
            "843c19c9-9edf-4546-bb55-f1417978f37f",
            "53281622-c66e-41c7-9157-328fb36f72fe",
            "2fb01c02-1df5-4289-bcc6-8d56734f0760"
          ],
          "failures": [],
          "pending": [],
          "skipped": [],
          "duration": 284,
          "root": false,
          "rootEmpty": false,
          "_timeout": 2000
        }
      ],
      "passes": [],
      "failures": [],
      "pending": [],
      "skipped": [],
      "duration": 0,
      "root": true,
      "rootEmpty": true,
      "_timeout": 2000
    }
  ],
  "meta": {
    "mocha": {
      "version": "7.2.0"
    },
    "mochawesome": {
      "options": {
        "quiet": false,
        "reportFilename": "custom-[name]",
        "saveHtml": false,
        "saveJson": true,
        "consoleReporter": "spec",
        "useInlineDiffs": false,
        "code": true
      },
      "version": "7.1.3"
    },
    "marge": {
      "options": {
        "reportDir": "cypress/results",
        "reportFilename": "custom-[name]",
        "overwrite": false,
        "html": false,
        "json": true
      },
      "version": "6.2.0"
    }
  }
}