{
  "stats": {
    "suites": 1,
    "tests": 3,
    "passes": 3,
    "pending": 0,
    "failures": 0,
    "start": "2025-04-18T21:30:29.988Z",
    "end": "2025-04-18T21:30:30.400Z",
    "duration": 412,
    "testsRegistered": 3,
    "passPercent": 100,
    "pendingPercent": 0,
    "other": 0,
    "hasOther": false,
    "skipped": 0,
    "hasSkipped": false
  },
  "results": [
    {
      "uuid": "47758ffd-1f63-47cb-9e73-35ed88457fe2",
      "title": "",
      "fullFile": "cypress\\e2e\\api copy\\products.spec.cy.js",
      "file": "cypress\\e2e\\api copy\\products.spec.cy.js",
      "beforeHooks": [],
      "afterHooks": [],
      "tests": [],
      "suites": [
        {
          "uuid": "f6128159-1292-469b-bd32-44f7f9d65655",
          "title": "API Tests - Produtos",
          "fullFile": "",
          "file": "",
          "beforeHooks": [],
          "afterHooks": [],
          "tests": [
            {
              "title": "Deve adicionar o produto com sucesso",
              "fullTitle": "API Tests - Produtos Deve adicionar o produto com sucesso",
              "timedOut": null,
              "duration": 99,
              "state": "passed",
              "speed": "fast",
              "pass": true,
              "fail": false,
              "pending": false,
              "context": null,
              "code": "cy.request({\n  method: 'POST',\n  url: '/api/addProduct',\n  headers: {\n    'Authorization': `Bearer ${token}`\n  },\n  body: _productData.default\n}).then(response => {\n  expect(response.status).to.eq(200);\n});",
              "err": {},
              "uuid": "58c82d1a-d80c-446c-af1e-908982d79c32",
              "parentUUID": "f6128159-1292-469b-bd32-44f7f9d65655",
              "isHook": false,
              "skipped": false
            },
            {
              "title": "Deve editar um produto com sucesso",
              "fullTitle": "API Tests - Produtos Deve editar um produto com sucesso",
              "timedOut": null,
              "duration": 91,
              "state": "passed",
              "speed": "fast",
              "pass": true,
              "fail": false,
              "pending": false,
              "context": null,
              "code": "const productId = 1; // ID do produto a ser editado\ncy.request({\n  method: 'PUT',\n  url: `/api/editProduct/${productId}`,\n  headers: {\n    'Authorization': `Bearer ${token}`\n  },\n  body: _productData.default\n}).then(response => {\n  expect(response.status).to.eq(200);\n});",
              "err": {},
              "uuid": "02e57dc4-0696-41bc-888d-cd2869113eea",
              "parentUUID": "f6128159-1292-469b-bd32-44f7f9d65655",
              "isHook": false,
              "skipped": false
            },
            {
              "title": "Deve deletar o produto com sucesso",
              "fullTitle": "API Tests - Produtos Deve deletar o produto com sucesso",
              "timedOut": null,
              "duration": 108,
              "state": "passed",
              "speed": "fast",
              "pass": true,
              "fail": false,
              "pending": false,
              "context": null,
              "code": "const productId = 1; // ID do produto\ncy.request({\n  method: 'DELETE',\n  url: `/api/deleteProduct/${productId}`,\n  headers: {\n    'Authorization': `Bearer ${token}`\n  },\n  body: {\n    \"authorization\": token\n  }\n}).then(response => {\n  expect(response.status).to.eq(200);\n});",
              "err": {},
              "uuid": "75092301-578a-4ffa-894e-62ad6b55828c",
              "parentUUID": "f6128159-1292-469b-bd32-44f7f9d65655",
              "isHook": false,
              "skipped": false
            }
          ],
          "suites": [],
          "passes": [
            "58c82d1a-d80c-446c-af1e-908982d79c32",
            "02e57dc4-0696-41bc-888d-cd2869113eea",
            "75092301-578a-4ffa-894e-62ad6b55828c"
          ],
          "failures": [],
          "pending": [],
          "skipped": [],
          "duration": 298,
          "root": false,
          "rootEmpty": false,
          "_timeout": 2000
        }
      ],
      "passes": [],
      "failures": [],
      "pending": [],
      "skipped": [],
      "duration": 0,
      "root": true,
      "rootEmpty": true,
      "_timeout": 2000
    }
  ],
  "meta": {
    "mocha": {
      "version": "7.2.0"
    },
    "mochawesome": {
      "options": {
        "quiet": false,
        "reportFilename": "custom-[name]",
        "saveHtml": false,
        "saveJson": true,
        "consoleReporter": "spec",
        "useInlineDiffs": false,
        "code": true
      },
      "version": "7.1.3"
    },
    "marge": {
      "options": {
        "reportDir": "cypress/results",
        "reportFilename": "custom-[name]",
        "overwrite": false,
        "html": false,
        "json": true
      },
      "version": "6.2.0"
    }
  }
}