{
  "stats": {
    "suites": 4,
    "tests": 12,
    "passes": 12,
    "pending": 0,
    "failures": 0,
    "testsRegistered": 12,
    "passPercent": 100,
    "pendingPercent": 0,
    "other": 0,
    "hasOther": false,
    "skipped": 0,
    "hasSkipped": false,
    "start": "2025-04-18T21:30:22.927Z",
    "end": "2025-04-18T21:30:30.400Z",
    "duration": 7473
  },
  "results": [
    {
      "uuid": "d4e55612-a067-4166-aabc-28ccd27b7292",
      "title": "",
      "fullFile": "cypress\\e2e\\api\\categorias.spec.cy.js",
      "file": "cypress\\e2e\\api\\categorias.spec.cy.js",
      "beforeHooks": [],
      "afterHooks": [],
      "tests": [],
      "suites": [
        {
          "uuid": "4f2254d7-2433-4ee1-a68e-910833b365f7",
          "title": "API Tests - Categorias",
          "fullFile": "",
          "file": "",
          "beforeHooks": [],
          "afterHooks": [],
          "tests": [
            {
              "title": "Deve adicionar uma categoria com sucesso",
              "fullTitle": "API Tests - Categorias Deve adicionar uma categoria com sucesso",
              "timedOut": null,
              "duration": 134,
              "state": "passed",
              "speed": "fast",
              "pass": true,
              "fail": false,
              "pending": false,
              "context": null,
              "code": "cy.request({\n  method: 'POST',\n  url: 'api/addCategory',\n  headers: {\n    'Authorization': `Bearer ${token}`\n  },\n  body: {\n    'authorization': `Bearer ${token}`,\n    'name': 'Categoria Teste',\n    'photo': 'https://samsungbrshop.vtexassets.com/arquivos/ids/230984-600-auto?v=638465404494130000&width=600&height=auto&aspect=true'\n  }\n}).then(response => {\n  console.log('Resposta da requisição de adicionar categoria:', response);\n  expect(response.status).to.eq(200);\n});",
              "err": {},
              "uuid": "843c19c9-9edf-4546-bb55-f1417978f37f",
              "parentUUID": "4f2254d7-2433-4ee1-a68e-910833b365f7",
              "isHook": false,
              "skipped": false
            },
            {
              "title": "Deve editar uma categoria com sucesso",
              "fullTitle": "API Tests - Categorias Deve editar uma categoria com sucesso",
              "timedOut": null,
              "duration": 75,
              "state": "passed",
              "speed": "fast",
              "pass": true,
              "fail": false,
              "pending": false,
              "context": null,
              "code": "const categoryId = 1; // ID da categoria \ncy.request({\n  method: 'PUT',\n  url: `/api/editCategory/${categoryId}`,\n  headers: {\n    'Authorization': `Bearer ${token}`\n  },\n  body: {\n    'authorization': `Bearer ${token}`,\n    'name': 'Categoria Teste Editada',\n    'photo': 'https://samsungbrshop.vtexassets.com/arquivos/ids/230984-600-auto?v=638465404494130000&width=600&height=auto&aspect=true' // Nova URL da foto da categoria\n  }\n}).then(response => {\n  console.log('Resposta da requisição de editar categoria:', response);\n  expect(response.status).to.eq(200);\n});",
              "err": {},
              "uuid": "53281622-c66e-41c7-9157-328fb36f72fe",
              "parentUUID": "4f2254d7-2433-4ee1-a68e-910833b365f7",
              "isHook": false,
              "skipped": false
            },
            {
              "title": "Deve deletar uma categoria com sucesso",
              "fullTitle": "API Tests - Categorias Deve deletar uma categoria com sucesso",
              "timedOut": null,
              "duration": 75,
              "state": "passed",
              "speed": "fast",
              "pass": true,
              "fail": false,
              "pending": false,
              "context": null,
              "code": "const categoryId = 1; // ID da categoria \ncy.request({\n  method: 'DELETE',\n  url: `/api/deleteCategory/${categoryId}`,\n  headers: {\n    'Authorization': `Bearer ${token}`\n  },\n  body: {\n    'authorization': `Bearer ${token}`\n  }\n}).then(response => {\n  console.log('Resposta da requisição de deletar categoria:', response);\n  expect(response.status).to.eq(200);\n});",
              "err": {},
              "uuid": "2fb01c02-1df5-4289-bcc6-8d56734f0760",
              "parentUUID": "4f2254d7-2433-4ee1-a68e-910833b365f7",
              "isHook": false,
              "skipped": false
            }
          ],
          "suites": [],
          "passes": [
            "843c19c9-9edf-4546-bb55-f1417978f37f",
            "53281622-c66e-41c7-9157-328fb36f72fe",
            "2fb01c02-1df5-4289-bcc6-8d56734f0760"
          ],
          "failures": [],
          "pending": [],
          "skipped": [],
          "duration": 284,
          "root": false,
          "rootEmpty": false,
          "_timeout": 2000
        }
      ],
      "passes": [],
      "failures": [],
      "pending": [],
      "skipped": [],
      "duration": 0,
      "root": true,
      "rootEmpty": true,
      "_timeout": 2000
    },
    {
      "uuid": "a9fa1a25-18a4-4d79-844a-feb47df2a1e8",
      "title": "",
      "fullFile": "cypress\\e2e\\api copy\\category.spec.cy.js",
      "file": "cypress\\e2e\\api copy\\category.spec.cy.js",
      "beforeHooks": [],
      "afterHooks": [],
      "tests": [],
      "suites": [
        {
          "uuid": "21c03e10-9322-45ef-ad6f-b1a0933f9e3c",
          "title": "API Tests - Categorias",
          "fullFile": "",
          "file": "",
          "beforeHooks": [],
          "afterHooks": [],
          "tests": [
            {
              "title": "Deve adicionar uma categoria com sucesso",
              "fullTitle": "API Tests - Categorias Deve adicionar uma categoria com sucesso",
              "timedOut": null,
              "duration": 106,
              "state": "passed",
              "speed": "fast",
              "pass": true,
              "fail": false,
              "pending": false,
              "context": null,
              "code": "cy.request({\n  method: 'POST',\n  url: '/api/addCategory',\n  headers: {\n    'Authorization': `Bearer ${token}`\n  },\n  body: {\n    authorization: `Bearer ${token}`,\n    name: 'Categoria Teste',\n    photo: 'https://samsungbrshop.vtexassets.com/arquivos/ids/230984-600-auto?v=638465404494130000&width=600&height=auto&aspect=true'\n  }\n}).then(response => {\n  console.log('Resposta da requisição de adicionar categoria:', response);\n  expect(response.status).to.eq(200);\n  console.log('Resposta:', response.body);\n});",
              "err": {},
              "uuid": "377a3490-4dfe-4273-8881-6718827703c1",
              "parentUUID": "21c03e10-9322-45ef-ad6f-b1a0933f9e3c",
              "isHook": false,
              "skipped": false
            },
            {
              "title": "Deve editar uma categoria com sucesso",
              "fullTitle": "API Tests - Categorias Deve editar uma categoria com sucesso",
              "timedOut": null,
              "duration": 76,
              "state": "passed",
              "speed": "fast",
              "pass": true,
              "fail": false,
              "pending": false,
              "context": null,
              "code": "const categoryId = 1; // ID da categoria \ncy.request({\n  method: 'PUT',\n  url: `/api/editCategory/${categoryId}`,\n  headers: {\n    'Authorization': `Bearer ${token}`\n  },\n  body: {\n    authorization: `Bearer ${token}`,\n    name: 'Categoria Teste Editada',\n    photo: 'https://samsungbrshop.vtexassets.com/arquivos/ids/230984-600-auto?v=638465404494130000&width=600&height=auto&aspect=true'\n  }\n}).then(response => {\n  console.log('Resposta da requisição de editar categoria:', response);\n  expect(response.status).to.eq(200);\n  console.log('Resposta:', response.body);\n});",
              "err": {},
              "uuid": "9c2c61c5-c17b-4c62-b5c7-7f24f66fe928",
              "parentUUID": "21c03e10-9322-45ef-ad6f-b1a0933f9e3c",
              "isHook": false,
              "skipped": false
            },
            {
              "title": "Deve deletar uma categoria com sucesso",
              "fullTitle": "API Tests - Categorias Deve deletar uma categoria com sucesso",
              "timedOut": null,
              "duration": 83,
              "state": "passed",
              "speed": "fast",
              "pass": true,
              "fail": false,
              "pending": false,
              "context": null,
              "code": "const categoryId = 1; // ID da categoria \ncy.request({\n  method: 'DELETE',\n  url: `/api/deleteCategory/${categoryId}`,\n  headers: {\n    'Authorization': `Bearer ${token}`\n  },\n  body: {\n    authorization: `Bearer ${token}`\n  }\n}).then(response => {\n  console.log('Resposta da requisição de deletar categoria:', response);\n  expect(response.status).to.eq(200);\n  console.log('Resposta:', response.body);\n});",
              "err": {},
              "uuid": "36cd455a-5bb2-4214-8909-100238513a27",
              "parentUUID": "21c03e10-9322-45ef-ad6f-b1a0933f9e3c",
              "isHook": false,
              "skipped": false
            }
          ],
          "suites": [],
          "passes": [
            "377a3490-4dfe-4273-8881-6718827703c1",
            "9c2c61c5-c17b-4c62-b5c7-7f24f66fe928",
            "36cd455a-5bb2-4214-8909-100238513a27"
          ],
          "failures": [],
          "pending": [],
          "skipped": [],
          "duration": 265,
          "root": false,
          "rootEmpty": false,
          "_timeout": 2000
        }
      ],
      "passes": [],
      "failures": [],
      "pending": [],
      "skipped": [],
      "duration": 0,
      "root": true,
      "rootEmpty": true,
      "_timeout": 2000
    },
    {
      "uuid": "47758ffd-1f63-47cb-9e73-35ed88457fe2",
      "title": "",
      "fullFile": "cypress\\e2e\\api copy\\products.spec.cy.js",
      "file": "cypress\\e2e\\api copy\\products.spec.cy.js",
      "beforeHooks": [],
      "afterHooks": [],
      "tests": [],
      "suites": [
        {
          "uuid": "f6128159-1292-469b-bd32-44f7f9d65655",
          "title": "API Tests - Produtos",
          "fullFile": "",
          "file": "",
          "beforeHooks": [],
          "afterHooks": [],
          "tests": [
            {
              "title": "Deve adicionar o produto com sucesso",
              "fullTitle": "API Tests - Produtos Deve adicionar o produto com sucesso",
              "timedOut": null,
              "duration": 99,
              "state": "passed",
              "speed": "fast",
              "pass": true,
              "fail": false,
              "pending": false,
              "context": null,
              "code": "cy.request({\n  method: 'POST',\n  url: '/api/addProduct',\n  headers: {\n    'Authorization': `Bearer ${token}`\n  },\n  body: _productData.default\n}).then(response => {\n  expect(response.status).to.eq(200);\n});",
              "err": {},
              "uuid": "58c82d1a-d80c-446c-af1e-908982d79c32",
              "parentUUID": "f6128159-1292-469b-bd32-44f7f9d65655",
              "isHook": false,
              "skipped": false
            },
            {
              "title": "Deve editar um produto com sucesso",
              "fullTitle": "API Tests - Produtos Deve editar um produto com sucesso",
              "timedOut": null,
              "duration": 91,
              "state": "passed",
              "speed": "fast",
              "pass": true,
              "fail": false,
              "pending": false,
              "context": null,
              "code": "const productId = 1; // ID do produto a ser editado\ncy.request({\n  method: 'PUT',\n  url: `/api/editProduct/${productId}`,\n  headers: {\n    'Authorization': `Bearer ${token}`\n  },\n  body: _productData.default\n}).then(response => {\n  expect(response.status).to.eq(200);\n});",
              "err": {},
              "uuid": "02e57dc4-0696-41bc-888d-cd2869113eea",
              "parentUUID": "f6128159-1292-469b-bd32-44f7f9d65655",
              "isHook": false,
              "skipped": false
            },
            {
              "title": "Deve deletar o produto com sucesso",
              "fullTitle": "API Tests - Produtos Deve deletar o produto com sucesso",
              "timedOut": null,
              "duration": 108,
              "state": "passed",
              "speed": "fast",
              "pass": true,
              "fail": false,
              "pending": false,
              "context": null,
              "code": "const productId = 1; // ID do produto\ncy.request({\n  method: 'DELETE',\n  url: `/api/deleteProduct/${productId}`,\n  headers: {\n    'Authorization': `Bearer ${token}`\n  },\n  body: {\n    \"authorization\": token\n  }\n}).then(response => {\n  expect(response.status).to.eq(200);\n});",
              "err": {},
              "uuid": "75092301-578a-4ffa-894e-62ad6b55828c",
              "parentUUID": "f6128159-1292-469b-bd32-44f7f9d65655",
              "isHook": false,
              "skipped": false
            }
          ],
          "suites": [],
          "passes": [
            "58c82d1a-d80c-446c-af1e-908982d79c32",
            "02e57dc4-0696-41bc-888d-cd2869113eea",
            "75092301-578a-4ffa-894e-62ad6b55828c"
          ],
          "failures": [],
          "pending": [],
          "skipped": [],
          "duration": 298,
          "root": false,
          "rootEmpty": false,
          "_timeout": 2000
        }
      ],
      "passes": [],
      "failures": [],
      "pending": [],
      "skipped": [],
      "duration": 0,
      "root": true,
      "rootEmpty": true,
      "_timeout": 2000
    },
    {
      "uuid": "dc8b5d17-9010-4ca4-a2ec-e85f9f204c39",
      "title": "",
      "fullFile": "cypress\\e2e\\api\\produtos.spec.cy.js",
      "file": "cypress\\e2e\\api\\produtos.spec.cy.js",
      "beforeHooks": [],
      "afterHooks": [],
      "tests": [],
      "suites": [
        {
          "uuid": "c4879a68-7853-493b-ab8b-84e873fb727d",
          "title": "API Tests",
          "fullFile": "",
          "file": "",
          "beforeHooks": [],
          "afterHooks": [],
          "tests": [
            {
              "title": "Deve adicionar o produto  com sucesso com dados fixos",
              "fullTitle": "API Tests Deve adicionar o produto  com sucesso com dados fixos",
              "timedOut": null,
              "duration": 81,
              "state": "passed",
              "speed": "fast",
              "pass": true,
              "fail": false,
              "pending": false,
              "context": null,
              "code": "cy.request({\n  method: 'POST',\n  url: '/api/addProduct',\n  headers: {\n    'Authorization': `Bearer ${token}`\n  },\n  body: {\n    \"name\": \"Samsung Galaxy M55\",\n    \"price\": 1999.99,\n    \"quantity\": 10,\n    \"categories\": [\"Smartphones\"],\n    \"description\": \"Samsung Galaxy M55 - O melhor smartphone da sua categoria\",\n    \"photos\": [\"https://samsungbrshop.vtexassets.com/arquivos/ids/230984-600-auto?v=638465404494130000&width=600&height=auto&aspect=true\"],\n    // URL da imagem\n    \"popular\": true,\n    \"visible\": true,\n    \"location\": \"Brasil\",\n    \"additionalDetails\": \"Detalhes adicionais sobre o produto\",\n    \"specialPrice\": 1799.99\n  }\n}).then(response => {\n  expect(response.status).to.eq(200);\n});",
              "err": {},
              "uuid": "cb2fa6b4-4a50-4116-ac86-c068ed391b81",
              "parentUUID": "c4879a68-7853-493b-ab8b-84e873fb727d",
              "isHook": false,
              "skipped": false
            },
            {
              "title": "Deve editar o produto com sucesso com dados fixos",
              "fullTitle": "API Tests Deve editar o produto com sucesso com dados fixos",
              "timedOut": null,
              "duration": 99,
              "state": "passed",
              "speed": "fast",
              "pass": true,
              "fail": false,
              "pending": false,
              "context": null,
              "code": "const productId = 1; // ID do produto \ncy.request({\n  method: 'PUT',\n  url: `/api/editProduct/${productId}`,\n  // Endpoint \n  headers: {\n    'Authorization': `Bearer ${token}` // token gerado\n  },\n  body: {\n    \"authorization\": token,\n    \"name\": \"Smartphones e Acessórios\",\n    \"price\": 1.700,\n    \"quantity\": 50,\n    \"categories\": \"Smartphones\",\n    \"description\": \"Smartphone Samsung Galaxy M55\",\n    \"photos\": false,\n    \"popular\": true,\n    \"visible\": true,\n    \"location\": \"BRA\",\n    \"additionalDetails\": \"Produto show de bola\",\n    \"specialPrice\": 1.400\n  }\n}).then(response => {\n  expect(response.status).to.eq(200);\n  // expect(response.body.success).to.eq(true);\n  // expect(response.body.message).to.eq('Product updated successfully');  \n});",
              "err": {},
              "uuid": "13eee9a9-f085-42c9-9a0d-c82a8732b44e",
              "parentUUID": "c4879a68-7853-493b-ab8b-84e873fb727d",
              "isHook": false,
              "skipped": false
            },
            {
              "title": "Deve deletar o produto com sucesso com dados fixos",
              "fullTitle": "API Tests Deve deletar o produto com sucesso com dados fixos",
              "timedOut": null,
              "duration": 85,
              "state": "passed",
              "speed": "fast",
              "pass": true,
              "fail": false,
              "pending": false,
              "context": null,
              "code": "const productId = 1;\ncy.request({\n  method: 'DELETE',\n  url: `/api/deleteProduct/${productId}`,\n  headers: {\n    'Authorization': `Bearer ${token}`\n  },\n  body: {\n    \"authorization\": token\n  }\n}).then(response => {\n  expect(response.status).to.eq(200);\n});",
              "err": {},
              "uuid": "cb81c031-2534-4439-abe7-9f6542e94ad9",
              "parentUUID": "c4879a68-7853-493b-ab8b-84e873fb727d",
              "isHook": false,
              "skipped": false
            }
          ],
          "suites": [],
          "passes": [
            "cb2fa6b4-4a50-4116-ac86-c068ed391b81",
            "13eee9a9-f085-42c9-9a0d-c82a8732b44e",
            "cb81c031-2534-4439-abe7-9f6542e94ad9"
          ],
          "failures": [],
          "pending": [],
          "skipped": [],
          "duration": 265,
          "root": false,
          "rootEmpty": false,
          "_timeout": 2000
        }
      ],
      "passes": [],
      "failures": [],
      "pending": [],
      "skipped": [],
      "duration": 0,
      "root": true,
      "rootEmpty": true,
      "_timeout": 2000
    }
  ],
  "meta": {
    "mocha": {
      "version": "7.2.0"
    },
    "mochawesome": {
      "options": {
        "quiet": false,
        "reportFilename": "custom-[name]",
        "saveHtml": false,
        "saveJson": true,
        "consoleReporter": "spec",
        "useInlineDiffs": false,
        "code": true
      },
      "version": "7.1.3"
    },
    "marge": {
      "options": {
        "reportDir": "cypress/results",
        "reportFilename": "custom-[name]",
        "overwrite": false,
        "html": false,
        "json": true
      },
      "version": "6.2.0"
    }
  }
}